<?xml version="1.0" encoding="UTF-8"?>
<!-- Generated by org.testng.reporters.JUnitXMLReporter -->
<testsuite hostname="DESKTOP-CM7QV2O" name="Default test" tests="3" failures="0" timestamp="17 Jul 2020 05:20:31 GMT" time="95.924" errors="0">
  <testcase name="LaunchApplication_Test" time="0.007" classname="com.caat.qa.testcases.CAAT_Login_Test"/>
  <testcase name="CAAT_LoginVerification_Test" time="16.911" classname="com.caat.qa.testcases.CAAT_Login_Test"/>
  <testcase name="CAAT_CloseApp_Test" time="0.001" classname="com.caat.qa.testcases.CAAT_Login_Test"/>
</testsuite> <!-- Default test -->
