<?xml version="1.0" encoding="UTF-8"?>
<!-- Generated by org.testng.reporters.JUnitXMLReporter -->
<testsuite hostname="DESKTOP-CM7QV2O" name="Default test" tests="2" failures="0" timestamp="17 Jul 2020 04:21:45 GMT" time="79.66" errors="0">
  <testcase name="CAAT_CreateNewAccount_Test" time="36.699" classname="com.caat.qa.testcases.CAAT_CreateAccount_Test"/>
  <testcase name="ClosingTheApplication_Test" time="0.001" classname="com.caat.qa.testcases.CAAT_CreateAccount_Test"/>
</testsuite> <!-- Default test -->
