<?xml version="1.0" encoding="UTF-8"?>
<!-- Generated by org.testng.reporters.JUnitXMLReporter -->
<testsuite hostname="DESKTOP-CM7QV2O" name="Cross Asyst Assignment: Create Account" tests="2" failures="0" timestamp="17 Jul 2020 04:11:50 GMT" time="78.532" errors="0">
  <testcase name="CAAT_CreateNewAccount_Test" time="39.044" classname="com.caat.qa.testcases.CAAT_CreateAccount_Test"/>
  <testcase name="ClosingTheApplication_Test" time="0.0" classname="com.caat.qa.testcases.CAAT_CreateAccount_Test"/>
</testsuite> <!-- Cross Asyst Assignment: Create Account -->
