<?xml version="1.0" encoding="UTF-8"?>
<!-- Generated by org.testng.reporters.JUnitXMLReporter -->
<testsuite hostname="DESKTOP-CM7QV2O" name="Cross Asyst Assignment: Login" tests="3" failures="0" timestamp="17 Jul 2020 05:30:34 GMT" time="79.266" errors="0">
  <testcase name="LaunchApplication_Test" time="0.001" classname="com.caat.qa.testcases.CAAT_Login_Test"/>
  <testcase name="CAAT_LoginVerification_Test" time="17.575" classname="com.caat.qa.testcases.CAAT_Login_Test"/>
  <testcase name="CAAT_CloseApp_Test" time="0.0" classname="com.caat.qa.testcases.CAAT_Login_Test"/>
</testsuite> <!-- Cross Asyst Assignment: Login -->
