<?xml version="1.0" encoding="UTF-8"?>
<!-- Generated by org.testng.reporters.JUnitXMLReporter -->
<testsuite hostname="DESKTOP-CM7QV2O" name="Cross Asyst Assignment: Launch Application" tests="3" failures="0" timestamp="17 Jul 2020 05:26:36 GMT" time="76.395" errors="0">
  <testcase name="LaunchApplication_Test" time="1.546" classname="com.caat.qa.testcases.CAAT_OpenApplication_Test"/>
  <testcase name="validate_CAAT_MainPage_TitleAndURL_Test" time="4.539" classname="com.caat.qa.testcases.CAAT_OpenApplication_Test"/>
  <testcase name="CAAT_CloseApp_Test" time="0.001" classname="com.caat.qa.testcases.CAAT_OpenApplication_Test"/>
</testsuite> <!-- Cross Asyst Assignment: Launch Application -->
