<?xml version="1.0" encoding="UTF-8"?>
<!-- Generated by org.testng.reporters.JUnitXMLReporter -->
<testsuite hostname="DESKTOP-CM7QV2O" name="Cross Asyst Assignment: Create Account" tests="5" failures="0" timestamp="17 Jul 2020 05:29:15 GMT" time="158.171" errors="0">
  <testcase name="LaunchApplication_Test" time="0.0" classname="com.caat.qa.testcases.CAAT_CreateAccount_Test"/>
  <testcase name="validate_CAAT_MainPage_TitleAndURL_Test" time="1.928" classname="com.caat.qa.testcases.CAAT_CreateAccount_Test"/>
  <testcase name="validate_SignIn_Label_Test" time="2.493" classname="com.caat.qa.testcases.CAAT_CreateAccount_Test"/>
  <testcase name="CAAT_CreateNewAccount_Test" time="39.256" classname="com.caat.qa.testcases.CAAT_CreateAccount_Test"/>
  <testcase name="ClosingTheApplication_Test" time="0.001" classname="com.caat.qa.testcases.CAAT_CreateAccount_Test"/>
</testsuite> <!-- Cross Asyst Assignment: Create Account -->
