<?xml version="1.0" encoding="UTF-8"?>
<testng-results skipped="0" failed="0" total="2" passed="2">
  <reporter-output>
  </reporter-output>
  <suite name="Default suite" duration-ms="79660" started-at="2020-07-17T04:20:25Z" finished-at="2020-07-17T04:21:45Z">
    <groups>
    </groups>
    <test name="Default test" duration-ms="79660" started-at="2020-07-17T04:20:25Z" finished-at="2020-07-17T04:21:45Z">
      <class name="com.caat.qa.testcases.CAAT_CreateAccount_Test">
        <test-method status="PASS" signature="EnvironmentSetUp()[pri:0, instance:com.caat.qa.testcases.CAAT_CreateAccount_Test@43a25848]" name="EnvironmentSetUp" is-config="true" duration-ms="290" started-at="2020-07-17T09:50:25Z" finished-at="2020-07-17T09:50:25Z">
          <reporter-output>
          </reporter-output>
        </test-method> <!-- EnvironmentSetUp -->
        <test-method status="PASS" signature="SetUp()[pri:0, instance:com.caat.qa.testcases.CAAT_CreateAccount_Test@43a25848]" name="SetUp" is-config="true" duration-ms="21025" started-at="2020-07-17T09:50:25Z" finished-at="2020-07-17T09:50:46Z">
          <reporter-output>
          </reporter-output>
        </test-method> <!-- SetUp -->
        <test-method status="PASS" signature="CAAT_CreateNewAccount_Test()[pri:31, instance:com.caat.qa.testcases.CAAT_CreateAccount_Test@43a25848]" name="CAAT_CreateNewAccount_Test" duration-ms="36699" started-at="2020-07-17T09:50:46Z" finished-at="2020-07-17T09:51:23Z">
          <reporter-output>
          </reporter-output>
        </test-method> <!-- CAAT_CreateNewAccount_Test -->
        <test-method status="PASS" signature="ClosetheBroser()[pri:0, instance:com.caat.qa.testcases.CAAT_CreateAccount_Test@43a25848]" name="ClosetheBroser" is-config="true" duration-ms="1049" started-at="2020-07-17T09:51:23Z" finished-at="2020-07-17T09:51:24Z">
          <reporter-output>
          </reporter-output>
        </test-method> <!-- ClosetheBroser -->
        <test-method status="PASS" signature="SetUp()[pri:0, instance:com.caat.qa.testcases.CAAT_CreateAccount_Test@43a25848]" name="SetUp" is-config="true" duration-ms="16631" started-at="2020-07-17T09:51:24Z" finished-at="2020-07-17T09:51:41Z">
          <reporter-output>
          </reporter-output>
        </test-method> <!-- SetUp -->
        <test-method status="PASS" signature="ClosingTheApplication_Test()[pri:999, instance:com.caat.qa.testcases.CAAT_CreateAccount_Test@43a25848]" name="ClosingTheApplication_Test" duration-ms="1" started-at="2020-07-17T09:51:41Z" finished-at="2020-07-17T09:51:41Z">
          <reporter-output>
          </reporter-output>
        </test-method> <!-- ClosingTheApplication_Test -->
        <test-method status="PASS" signature="ClosetheBroser()[pri:0, instance:com.caat.qa.testcases.CAAT_CreateAccount_Test@43a25848]" name="ClosetheBroser" is-config="true" duration-ms="3278" started-at="2020-07-17T09:51:41Z" finished-at="2020-07-17T09:51:44Z">
          <reporter-output>
          </reporter-output>
        </test-method> <!-- ClosetheBroser -->
        <test-method status="PASS" signature="TestCompleted()[pri:0, instance:com.caat.qa.testcases.CAAT_CreateAccount_Test@43a25848]" name="TestCompleted" is-config="true" duration-ms="670" started-at="2020-07-17T09:51:44Z" finished-at="2020-07-17T09:51:45Z">
          <reporter-output>
          </reporter-output>
        </test-method> <!-- TestCompleted -->
      </class> <!-- com.caat.qa.testcases.CAAT_CreateAccount_Test -->
    </test> <!-- Default test -->
  </suite> <!-- Default suite -->
</testng-results>
